<?xml version="1.0" encoding="UTF-8"?>
<!-- Generated by org.testng.reporters.JUnitReportReporter -->
<testsuite hostname="DESKTOP-HTKLF78" name="com.ddf.SuiteOne.SuiteOneCaseOne" tests="2" failures="0" timestamp="2 Dec 2015 12:25:33 GMT" time="0.004" errors="0">
  <testcase name="SuiteOneCaseOneTest" time="0.000" classname="com.ddf.SuiteOne.SuiteOneCaseOne"/>
  <testcase name="SuiteOneCaseOneTest" time="0.004" classname="com.ddf.SuiteOne.SuiteOneCaseOne"/>
</testsuite> <!-- com.ddf.SuiteOne.SuiteOneCaseOne -->
